#
# There is insufficient memory for the Java Runtime Environment to continue.
# Native memory allocation (malloc) failed to allocate 882256 bytes for Chunk::new
# Possible reasons:
#   The system is out of physical RAM or swap space
#   In 32 bit mode, the process size limit was hit
# Possible solutions:
#   Reduce memory load on the system
#   Increase physical memory or swap space
#   Check if swap backing store is full
#   Use 64 bit Java on a 64 bit OS
#   Decrease Java heap size (-Xmx/-Xms)
#   Decrease number of Java threads
#   Decrease Java thread stack sizes (-Xss)
#   Set larger code cache with -XX:ReservedCodeCacheSize=
# This output file may be truncated or incomplete.
#
#  Out of Memory Error (allocation.cpp:390), pid=6356, tid=0x0000000000001e28
#
# JRE version: Java(TM) SE Runtime Environment (8.0_181-b13) (build 1.8.0_181-b13)
# Java VM: Java HotSpot(TM) 64-Bit Server VM (25.181-b13 mixed mode windows-amd64 compressed oops)
# Failed to write core dump. Minidumps are not enabled by default on client versions of Windows
#

---------------  T H R E A D  ---------------

Current thread (0x0000000016dc9000):  JavaThread "C2 CompilerThread0" daemon [_thread_in_native, id=7720, stack(0x0000000018400000,0x0000000018500000)]

Stack: [0x0000000018400000,0x0000000018500000]
[error occurred during error reporting (printing stack bounds), id 0xc0000005]

Native frames: (J=compiled Java code, j=interpreted, Vv=VM code, C=native code)


Current CompileTask:
C2:  11845 2650   !   4       java.net.URLClassLoader$1::run (63 bytes)


---------------  P R O C E S S  ---------------

Java Threads: ( => current thread )
  0x000000001a3d3800 JavaThread "Okio Watchdog" daemon [_thread_blocked, id=9124, stack(0x000000001f840000,0x000000001f940000)]
  0x000000001a3da800 JavaThread "OkHttp ConnectionPool" daemon [_thread_blocked, id=228, stack(0x000000001f740000,0x000000001f840000)]
  0x000000001a3d9000 JavaThread "ForkJoinPool.commonPool-worker-3" daemon [_thread_blocked, id=3788, stack(0x000000001f440000,0x000000001f540000)]
  0x000000001a3d8000 JavaThread "ForkJoinPool.commonPool-worker-2" daemon [_thread_blocked, id=5812, stack(0x000000001f340000,0x000000001f440000)]
  0x000000001a3d4800 JavaThread "ForkJoinPool.commonPool-worker-1" daemon [_thread_blocked, id=3856, stack(0x000000001f240000,0x000000001f340000)]
  0x000000001a3d6000 JavaThread "Keep-Alive-Timer" daemon [_thread_blocked, id=6776, stack(0x000000001f140000,0x000000001f240000)]
  0x000000001bd59000 JavaThread "UrlChecker-2" daemon [_thread_blocked, id=9400, stack(0x000000001ef40000,0x000000001f040000)]
  0x000000001b675000 JavaThread "Thread-1" [_thread_blocked, id=10700, stack(0x000000001ec40000,0x000000001ed40000)]
  0x0000000016dc0000 JavaThread "Service Thread" daemon [_thread_blocked, id=10440, stack(0x0000000018b00000,0x0000000018c00000)]
  0x0000000016dbe000 JavaThread "C1 CompilerThread2" daemon [_thread_blocked, id=3724, stack(0x0000000018600000,0x0000000018700000)]
  0x0000000016db7800 JavaThread "C2 CompilerThread1" daemon [_thread_in_native, id=5444, stack(0x0000000018500000,0x0000000018600000)]
=>0x0000000016dc9000 JavaThread "C2 CompilerThread0" daemon [_thread_in_native, id=7720, stack(0x0000000018400000,0x0000000018500000)]
  0x0000000016dc6000 JavaThread "Attach Listener" daemon [_thread_blocked, id=6592, stack(0x0000000018300000,0x0000000018400000)]
  0x0000000016dc5000 JavaThread "Signal Dispatcher" daemon [_thread_blocked, id=10600, stack(0x0000000018200000,0x0000000018300000)]
  0x0000000016da3800 JavaThread "Finalizer" daemon [_thread_blocked, id=1840, stack(0x0000000018010000,0x0000000018110000)]
  0x00000000029ee000 JavaThread "Reference Handler" daemon [_thread_blocked, id=2820, stack(0x0000000017f10000,0x0000000018010000)]
  0x00000000028fb800 JavaThread "Forwarding newSession on session null to remote" [_thread_in_native, id=5068, stack(0x0000000002750000,0x0000000002850000)]

Other Threads:
  0x0000000016d77000 VMThread [stack: 0x0000000017e10000,0x0000000017f10000] [id=9640]
  0x0000000018781800 WatcherThread [stack: 0x0000000018c00000,0x0000000018d00000] [id=10772]

VM state:not at safepoint (normal execution)

VM Mutex/Monitor currently owned by a thread: None

Heap:
 PSYoungGen      total 142336K, used 81513K [0x00000000da180000, 0x00000000e3780000, 0x0000000100000000)
  eden space 131072K, 62% used [0x00000000da180000,0x00000000df11a6b0,0x00000000e2180000)
  from space 11264K, 0% used [0x00000000e2c80000,0x00000000e2c80000,0x00000000e3780000)
  to   space 11264K, 0% used [0x00000000e2180000,0x00000000e2180000,0x00000000e2c80000)
 ParOldGen       total 69632K, used 14486K [0x000000008e400000, 0x0000000092800000, 0x00000000da180000)
  object space 69632K, 20% used [0x000000008e400000,0x000000008f225808,0x0000000092800000)
 Metaspace       used 27577K, capacity 28438K, committed 28672K, reserved 1075200K
  class space    used 3332K, capacity 3552K, committed 3584K, reserved 1048576K

Card table byte_map: [0x0000000011db0000,0x0000000012140000] byte_map_base: 0x000000001193e000

Marking Bits: (ParMarkBitMap*) 0x000000006f7a2d00
 Begin Bits: [0x00000000127a0000, 0x0000000014410000)
 End Bits:   [0x0000000014410000, 0x0000000016080000)

Polling page: 0x0000000000e20000

CodeCache: size=245760Kb used=11097Kb max_used=11097Kb free=234662Kb
 bounds [0x00000000029f0000, 0x00000000034d0000, 0x00000000119f0000]
 total_blobs=3326 nmethods=2644 adapters=594
 compilation: enabled

Compilation events (10 events):
Event: 11.783 Thread 0x0000000016dbe000 2662       3       java.nio.charset.CharsetEncoder::onUnmappableCharacter (26 bytes)
Event: 11.783 Thread 0x0000000016dbe000 nmethod 2662 0x00000000034c5f10 code [0x00000000034c6080, 0x00000000034c63c8]
Event: 11.783 Thread 0x0000000016dbe000 2663       3       java.nio.charset.CharsetEncoder::implOnUnmappableCharacter (1 bytes)
Event: 11.784 Thread 0x0000000016dbe000 nmethod 2663 0x00000000034c64d0 code [0x00000000034c6620, 0x00000000034c6770]
Event: 11.784 Thread 0x0000000016dbe000 2664       3       java.util.regex.Pattern$BmpCharProperty::match (50 bytes)
Event: 11.784 Thread 0x0000000016dbe000 nmethod 2664 0x00000000034c67d0 code [0x00000000034c6960, 0x00000000034c6e08]
Event: 11.784 Thread 0x0000000016dbe000 2660       3       java.lang.ref.ReferenceQueue$Lock::<init> (5 bytes)
Event: 11.785 Thread 0x0000000016dbe000 nmethod 2660 0x00000000034c6f90 code [0x00000000034c7100, 0x00000000034c7310]
Event: 11.785 Thread 0x0000000016dbe000 2665       3       java.util.stream.StreamOpFlag::isKnown (19 bytes)
Event: 11.785 Thread 0x0000000016dbe000 nmethod 2665 0x00000000034c7410 code [0x00000000034c7560, 0x00000000034c7710]

GC Heap History (10 events):
Event: 1.860 GC heap before
{Heap before GC invocations=3 (full 0):
 PSYoungGen      total 37888K, used 37654K [0x00000000da180000, 0x00000000deb80000, 0x0000000100000000)
  eden space 32768K, 99% used [0x00000000da180000,0x00000000dc14df30,0x00000000dc180000)
  from space 5120K, 99% used [0x00000000dc680000,0x00000000dcb77990,0x00000000dcb80000)
  to   space 5120K, 0% used [0x00000000dc180000,0x00000000dc180000,0x00000000dc680000)
 ParOldGen       total 86016K, used 16K [0x000000008e400000, 0x0000000093800000, 0x00000000da180000)
  object space 86016K, 0% used [0x000000008e400000,0x000000008e404000,0x0000000093800000)
 Metaspace       used 11318K, capacity 11414K, committed 11520K, reserved 1058816K
  class space    used 1243K, capacity 1268K, committed 1280K, reserved 1048576K
Event: 1.866 GC heap after
Heap after GC invocations=3 (full 0):
 PSYoungGen      total 37888K, used 5103K [0x00000000da180000, 0x00000000deb80000, 0x0000000100000000)
  eden space 32768K, 0% used [0x00000000da180000,0x00000000da180000,0x00000000dc180000)
  from space 5120K, 99% used [0x00000000dc180000,0x00000000dc67bc90,0x00000000dc680000)
  to   space 5120K, 0% used [0x00000000de680000,0x00000000de680000,0x00000000deb80000)
 ParOldGen       total 86016K, used 458K [0x000000008e400000, 0x0000000093800000, 0x00000000da180000)
  object space 86016K, 0% used [0x000000008e400000,0x000000008e472898,0x0000000093800000)
 Metaspace       used 11318K, capacity 11414K, committed 11520K, reserved 1058816K
  class space    used 1243K, capacity 1268K, committed 1280K, reserved 1048576K
}
Event: 2.447 GC heap before
{Heap before GC invocations=4 (full 0):
 PSYoungGen      total 37888K, used 37871K [0x00000000da180000, 0x00000000deb80000, 0x0000000100000000)
  eden space 32768K, 100% used [0x00000000da180000,0x00000000dc180000,0x00000000dc180000)
  from space 5120K, 99% used [0x00000000dc180000,0x00000000dc67bc90,0x00000000dc680000)
  to   space 5120K, 0% used [0x00000000de680000,0x00000000de680000,0x00000000deb80000)
 ParOldGen       total 86016K, used 458K [0x000000008e400000, 0x0000000093800000, 0x00000000da180000)
  object space 86016K, 0% used [0x000000008e400000,0x000000008e472898,0x0000000093800000)
 Metaspace       used 16261K, capacity 16432K, committed 16768K, reserved 1064960K
  class space    used 1767K, capacity 1837K, committed 1920K, reserved 1048576K
Event: 2.464 GC heap after
Heap after GC invocations=4 (full 0):
 PSYoungGen      total 70656K, used 5109K [0x00000000da180000, 0x00000000deb80000, 0x0000000100000000)
  eden space 65536K, 0% used [0x00000000da180000,0x00000000da180000,0x00000000de180000)
  from space 5120K, 99% used [0x00000000de680000,0x00000000deb7d790,0x00000000deb80000)
  to   space 5120K, 0% used [0x00000000de180000,0x00000000de180000,0x00000000de680000)
 ParOldGen       total 86016K, used 2987K [0x000000008e400000, 0x0000000093800000, 0x00000000da180000)
  object space 86016K, 3% used [0x000000008e400000,0x000000008e6eade0,0x0000000093800000)
 Metaspace       used 16261K, capacity 16432K, committed 16768K, reserved 1064960K
  class space    used 1767K, capacity 1837K, committed 1920K, reserved 1048576K
}
Event: 3.732 GC heap before
{Heap before GC invocations=5 (full 0):
 PSYoungGen      total 70656K, used 70645K [0x00000000da180000, 0x00000000deb80000, 0x0000000100000000)
  eden space 65536K, 100% used [0x00000000da180000,0x00000000de180000,0x00000000de180000)
  from space 5120K, 99% used [0x00000000de680000,0x00000000deb7d790,0x00000000deb80000)
  to   space 5120K, 0% used [0x00000000de180000,0x00000000de180000,0x00000000de680000)
 ParOldGen       total 86016K, used 2987K [0x000000008e400000, 0x0000000093800000, 0x00000000da180000)
  object space 86016K, 3% used [0x000000008e400000,0x000000008e6eade0,0x0000000093800000)
 Metaspace       used 20671K, capacity 20936K, committed 21120K, reserved 1069056K
  class space    used 2310K, capacity 2415K, committed 2432K, reserved 1048576K
Event: 3.757 GC heap after
Heap after GC invocations=5 (full 0):
 PSYoungGen      total 70656K, used 5097K [0x00000000da180000, 0x00000000e3780000, 0x0000000100000000)
  eden space 65536K, 0% used [0x00000000da180000,0x00000000da180000,0x00000000de180000)
  from space 5120K, 99% used [0x00000000de180000,0x00000000de67a688,0x00000000de680000)
  to   space 11264K, 0% used [0x00000000e2c80000,0x00000000e2c80000,0x00000000e3780000)
 ParOldGen       total 86016K, used 8912K [0x000000008e400000, 0x0000000093800000, 0x00000000da180000)
  object space 86016K, 10% used [0x000000008e400000,0x000000008ecb43d8,0x0000000093800000)
 Metaspace       used 20671K, capacity 20936K, committed 21120K, reserved 1069056K
  class space    used 2310K, capacity 2415K, committed 2432K, reserved 1048576K
}
Event: 4.000 GC heap before
{Heap before GC invocations=6 (full 0):
 PSYoungGen      total 70656K, used 19347K [0x00000000da180000, 0x00000000e3780000, 0x0000000100000000)
  eden space 65536K, 21% used [0x00000000da180000,0x00000000daf6a878,0x00000000de180000)
  from space 5120K, 99% used [0x00000000de180000,0x00000000de67a688,0x00000000de680000)
  to   space 11264K, 0% used [0x00000000e2c80000,0x00000000e2c80000,0x00000000e3780000)
 ParOldGen       total 86016K, used 8912K [0x000000008e400000, 0x0000000093800000, 0x00000000da180000)
  object space 86016K, 10% used [0x000000008e400000,0x000000008ecb43d8,0x0000000093800000)
 Metaspace       used 20855K, capacity 21134K, committed 21296K, reserved 1069056K
  class space    used 2323K, capacity 2417K, committed 2432K, reserved 1048576K
Event: 4.017 GC heap after
Heap after GC invocations=6 (full 0):
 PSYoungGen      total 142336K, used 8009K [0x00000000da180000, 0x00000000e3780000, 0x0000000100000000)
  eden space 131072K, 0% used [0x00000000da180000,0x00000000da180000,0x00000000e2180000)
  from space 11264K, 71% used [0x00000000e2c80000,0x00000000e3452688,0x00000000e3780000)
  to   space 11264K, 0% used [0x00000000e2180000,0x00000000e2180000,0x00000000e2c80000)
 ParOldGen       total 86016K, used 8912K [0x000000008e400000, 0x0000000093800000, 0x00000000da180000)
  object space 86016K, 10% used [0x000000008e400000,0x000000008ecb43d8,0x0000000093800000)
 Metaspace       used 20855K, capacity 21134K, committed 21296K, reserved 1069056K
  class space    used 2323K, capacity 2417K, committed 2432K, reserved 1048576K
}
Event: 4.017 GC heap before
{Heap before GC invocations=7 (full 1):
 PSYoungGen      total 142336K, used 8009K [0x00000000da180000, 0x00000000e3780000, 0x0000000100000000)
  eden space 131072K, 0% used [0x00000000da180000,0x00000000da180000,0x00000000e2180000)
  from space 11264K, 71% used [0x00000000e2c80000,0x00000000e3452688,0x00000000e3780000)
  to   space 11264K, 0% used [0x00000000e2180000,0x00000000e2180000,0x00000000e2c80000)
 ParOldGen       total 86016K, used 8912K [0x000000008e400000, 0x0000000093800000, 0x00000000da180000)
  object space 86016K, 10% used [0x000000008e400000,0x000000008ecb43d8,0x0000000093800000)
 Metaspace       used 20855K, capacity 21134K, committed 21296K, reserved 1069056K
  class space    used 2323K, capacity 2417K, committed 2432K, reserved 1048576K
Event: 4.138 GC heap after
Heap after GC invocations=7 (full 1):
 PSYoungGen      total 142336K, used 0K [0x00000000da180000, 0x00000000e3780000, 0x0000000100000000)
  eden space 131072K, 0% used [0x00000000da180000,0x00000000da180000,0x00000000e2180000)
  from space 11264K, 0% used [0x00000000e2c80000,0x00000000e2c80000,0x00000000e3780000)
  to   space 11264K, 0% used [0x00000000e2180000,0x00000000e2180000,0x00000000e2c80000)
 ParOldGen       total 69632K, used 14486K [0x000000008e400000, 0x0000000092800000, 0x00000000da180000)
  object space 69632K, 20% used [0x000000008e400000,0x000000008f225808,0x0000000092800000)
 Metaspace       used 20855K, capacity 21134K, committed 21296K, reserved 1069056K
  class space    used 2323K, capacity 2417K, committed 2432K, reserved 1048576K
}

Deoptimization events (10 events):
Event: 11.339 Thread 0x00000000028fb800 Uncommon trap: reason=class_check action=maybe_recompile pc=0x0000000002c595e4 method=java.util.jar.JarFile.getJarEntry(Ljava/lang/String;)Ljava/util/jar/JarEntry; @ 2
Event: 11.339 Thread 0x00000000028fb800 Uncommon trap: reason=class_check action=maybe_recompile pc=0x0000000002c595e4 method=java.util.jar.JarFile.getJarEntry(Ljava/lang/String;)Ljava/util/jar/JarEntry; @ 2
Event: 11.339 Thread 0x00000000028fb800 Uncommon trap: reason=class_check action=maybe_recompile pc=0x0000000002c595e4 method=java.util.jar.JarFile.getJarEntry(Ljava/lang/String;)Ljava/util/jar/JarEntry; @ 2
Event: 11.340 Thread 0x00000000028fb800 Uncommon trap: reason=class_check action=maybe_recompile pc=0x0000000002c595e4 method=java.util.jar.JarFile.getJarEntry(Ljava/lang/String;)Ljava/util/jar/JarEntry; @ 2
Event: 11.422 Thread 0x00000000028fb800 Uncommon trap: reason=class_check action=maybe_recompile pc=0x000000000328a1c4 method=java.util.regex.Pattern$CharProperty.match(Ljava/util/regex/Matcher;ILjava/lang/CharSequence;)Z @ 18
Event: 11.422 Thread 0x00000000028fb800 Uncommon trap: reason=class_check action=maybe_recompile pc=0x000000000328a1c4 method=java.util.regex.Pattern$CharProperty.match(Ljava/util/regex/Matcher;ILjava/lang/CharSequence;)Z @ 18
Event: 11.472 Thread 0x00000000028fb800 Uncommon trap: reason=class_check action=maybe_recompile pc=0x000000000328a1c4 method=java.util.regex.Pattern$CharProperty.match(Ljava/util/regex/Matcher;ILjava/lang/CharSequence;)Z @ 18
Event: 11.472 Thread 0x00000000028fb800 Uncommon trap: reason=class_check action=maybe_recompile pc=0x000000000328a1c4 method=java.util.regex.Pattern$CharProperty.match(Ljava/util/regex/Matcher;ILjava/lang/CharSequence;)Z @ 18
Event: 11.500 Thread 0x00000000028fb800 Uncommon trap: reason=unstable_if action=reinterpret pc=0x00000000033fceec method=java.util.regex.Pattern$Curly.match0(Ljava/util/regex/Matcher;IILjava/lang/CharSequence;)Z @ 144
Event: 11.758 Thread 0x00000000028fb800 Uncommon trap: reason=unstable_if action=reinterpret pc=0x00000000033bc918 method=java.util.regex.Pattern$BmpCharProperty.match(Ljava/util/regex/Matcher;ILjava/lang/CharSequence;)Z @ 34

Classes redefined (0 events):
No events

Internal exceptions (10 events):
Event: 6.471 Thread 0x000000001bd59000 Exception <a 'java/net/SocketTimeoutException': connect timed out> (0x00000000dc7877d0) thrown at [C:\re\workspace\8-2-build-windows-amd64-cygwin\jdk8u181\11358\hotspot\src\share\vm\prims\jni.cpp, line 735]
Event: 6.982 Thread 0x000000001bd59000 Exception <a 'java/net/SocketTimeoutException': connect timed out> (0x00000000dc789010) thrown at [C:\re\workspace\8-2-build-windows-amd64-cygwin\jdk8u181\11358\hotspot\src\share\vm\prims\jni.cpp, line 735]
Event: 7.504 Thread 0x000000001bd59000 Exception <a 'java/net/SocketTimeoutException': connect timed out> (0x00000000dc78a850) thrown at [C:\re\workspace\8-2-build-windows-amd64-cygwin\jdk8u181\11358\hotspot\src\share\vm\prims\jni.cpp, line 735]
Event: 8.045 Thread 0x000000001bd59000 Exception <a 'java/net/SocketTimeoutException': connect timed out> (0x00000000dc78c090) thrown at [C:\re\workspace\8-2-build-windows-amd64-cygwin\jdk8u181\11358\hotspot\src\share\vm\prims\jni.cpp, line 735]
Event: 8.627 Thread 0x000000001bd59000 Exception <a 'java/net/SocketTimeoutException': connect timed out> (0x00000000dc78d8d0) thrown at [C:\re\workspace\8-2-build-windows-amd64-cygwin\jdk8u181\11358\hotspot\src\share\vm\prims\jni.cpp, line 735]
Event: 9.289 Thread 0x000000001bd59000 Exception <a 'java/net/SocketTimeoutException': connect timed out> (0x00000000dc78f110) thrown at [C:\re\workspace\8-2-build-windows-amd64-cygwin\jdk8u181\11358\hotspot\src\share\vm\prims\jni.cpp, line 735]
Event: 10.110 Thread 0x000000001bd59000 Exception <a 'java/net/SocketTimeoutException': connect timed out> (0x00000000dc790950) thrown at [C:\re\workspace\8-2-build-windows-amd64-cygwin\jdk8u181\11358\hotspot\src\share\vm\prims\jni.cpp, line 735]
Event: 11.455 Thread 0x00000000028fb800 Exception <a 'java/lang/IncompatibleClassChangeError': Found class java.lang.Object, but interface was expected> (0x00000000dd9f4660) thrown at [C:\re\workspace\8-2-build-windows-amd64-cygwin\jdk8u181\11358\hotspot\src\share\vm\interpreter\linkResolver.cp
Event: 11.458 Thread 0x00000000028fb800 Exception <a 'java/lang/NoSuchMethodError': java.lang.Object.lambda$or$2(Ljava/util/function/Predicate;Ljava/lang/Object;)Z> (0x00000000dda02390) thrown at [C:\re\workspace\8-2-build-windows-amd64-cygwin\jdk8u181\11358\hotspot\src\share\vm\interpreter\lin
Event: 11.536 Thread 0x00000000028fb800 Exception <a 'java/lang/NoSuchMethodError': java.lang.Object.lambda$chars$0()Ljava/util/Spliterator$OfInt;> (0x00000000ddd181c8) thrown at [C:\re\workspace\8-2-build-windows-amd64-cygwin\jdk8u181\11358\hotspot\src\share\vm\interpreter\linkResolver.cpp, li

Events (10 events):
Event: 11.776 loading class com/google/common/collect/CollectSpliterators$1FlatMapSpliterator
Event: 11.776 loading class com/google/common/collect/CollectSpliterators$1FlatMapSpliterator done
Event: 11.780 loading class com/google/common/collect/CollectSpliterators$1
Event: 11.780 loading class com/google/common/collect/CollectSpliterators$1 done
Event: 11.781 loading class org/openqa/selenium/BuildInfo
Event: 11.781 loading class org/openqa/selenium/BuildInfo done
Event: 11.784 loading class org/openqa/selenium/remote/internal/OkHttpClient$1
Event: 11.784 loading class org/openqa/selenium/remote/internal/OkHttpClient$1 done
Event: 11.785 loading class okhttp3/MediaType
Event: 11.785 loading class okhttp3/MediaType done


Dynamic libraries:
0x00007ff6f4d90000 - 0x00007ff6f4dc7000 	D:\Kebutuhan Kerja\Katalon\Katalon_Studio_Windows_64-6.3.3\jre\bin\javaw.exe
0x00007ffcedf10000 - 0x00007ffcee0f1000 	C:\WINDOWS\SYSTEM32\ntdll.dll
0x00007ffced5e0000 - 0x00007ffced691000 	C:\WINDOWS\System32\KERNEL32.DLL
0x00007ffcea9d0000 - 0x00007ffceac43000 	C:\WINDOWS\System32\KERNELBASE.dll
0x00007ffcedd00000 - 0x00007ffcedda1000 	C:\WINDOWS\System32\ADVAPI32.dll
0x00007ffceb5f0000 - 0x00007ffceb68e000 	C:\WINDOWS\System32\msvcrt.dll
0x00007ffceb6a0000 - 0x00007ffceb6fb000 	C:\WINDOWS\System32\sechost.dll
0x00007ffceddb0000 - 0x00007ffceded4000 	C:\WINDOWS\System32\RPCRT4.dll
0x00007ffcebaa0000 - 0x00007ffcebc31000 	C:\WINDOWS\System32\USER32.dll
0x00007ffceb360000 - 0x00007ffceb380000 	C:\WINDOWS\System32\win32u.dll
0x00007ffceb730000 - 0x00007ffceb758000 	C:\WINDOWS\System32\GDI32.dll
0x00007ffcea410000 - 0x00007ffcea5a1000 	C:\WINDOWS\System32\gdi32full.dll
0x00007ffcea8b0000 - 0x00007ffcea94f000 	C:\WINDOWS\System32\msvcp_win.dll
0x00007ffcea310000 - 0x00007ffcea408000 	C:\WINDOWS\System32\ucrtbase.dll
0x00007ffcde220000 - 0x00007ffcde489000 	C:\WINDOWS\WinSxS\amd64_microsoft.windows.common-controls_6595b64144ccf1df_6.0.17134.1184_none_d403e8b37c8ca406\COMCTL32.dll
0x00007ffced2b0000 - 0x00007ffced5d1000 	C:\WINDOWS\System32\combase.dll
0x00007ffcea950000 - 0x00007ffcea9c9000 	C:\WINDOWS\System32\bcryptPrimitives.dll
0x00007ffceb940000 - 0x00007ffceb96d000 	C:\WINDOWS\System32\IMM32.DLL
0x000000006ed90000 - 0x000000006ee62000 	D:\Kebutuhan Kerja\Katalon\Katalon_Studio_Windows_64-6.3.3\jre\bin\msvcr100.dll
0x000000006ef80000 - 0x000000006f822000 	D:\Kebutuhan Kerja\Katalon\Katalon_Studio_Windows_64-6.3.3\jre\bin\server\jvm.dll
0x00007ffceb450000 - 0x00007ffceb458000 	C:\WINDOWS\System32\PSAPI.DLL
0x00007ffce8de0000 - 0x00007ffce8de9000 	C:\WINDOWS\SYSTEM32\WSOCK32.dll
0x00007ffce60d0000 - 0x00007ffce60f3000 	C:\WINDOWS\SYSTEM32\WINMM.dll
0x00007ffced6a0000 - 0x00007ffced70c000 	C:\WINDOWS\System32\WS2_32.dll
0x00007ffce1500000 - 0x00007ffce150a000 	C:\WINDOWS\SYSTEM32\VERSION.dll
0x00007ffce60a0000 - 0x00007ffce60ca000 	C:\WINDOWS\SYSTEM32\WINMMBASE.dll
0x00007ffcea2c0000 - 0x00007ffcea309000 	C:\WINDOWS\System32\cfgmgr32.dll
0x000000006ef70000 - 0x000000006ef7f000 	D:\Kebutuhan Kerja\Katalon\Katalon_Studio_Windows_64-6.3.3\jre\bin\verify.dll
0x000000006ef40000 - 0x000000006ef69000 	D:\Kebutuhan Kerja\Katalon\Katalon_Studio_Windows_64-6.3.3\jre\bin\java.dll
0x000000006ef20000 - 0x000000006ef36000 	D:\Kebutuhan Kerja\Katalon\Katalon_Studio_Windows_64-6.3.3\jre\bin\zip.dll
0x00007ffcebca0000 - 0x00007ffced0e5000 	C:\WINDOWS\System32\SHELL32.dll
0x00007ffceb970000 - 0x00007ffceba19000 	C:\WINDOWS\System32\shcore.dll
0x00007ffceac50000 - 0x00007ffceb360000 	C:\WINDOWS\System32\windows.storage.dll
0x00007ffcebc40000 - 0x00007ffcebc91000 	C:\WINDOWS\System32\shlwapi.dll
0x00007ffcea2a0000 - 0x00007ffcea2b1000 	C:\WINDOWS\System32\kernel.appcore.dll
0x00007ffcea220000 - 0x00007ffcea23f000 	C:\WINDOWS\System32\profapi.dll
0x00007ffcea240000 - 0x00007ffcea28c000 	C:\WINDOWS\System32\powrprof.dll
0x00007ffcea290000 - 0x00007ffcea29a000 	C:\WINDOWS\System32\FLTLIB.DLL
0x000000006ef00000 - 0x000000006ef1a000 	D:\Kebutuhan Kerja\Katalon\Katalon_Studio_Windows_64-6.3.3\jre\bin\net.dll
0x00007ffce9a80000 - 0x00007ffce9ae6000 	C:\WINDOWS\system32\mswsock.dll
0x000000006eee0000 - 0x000000006eef1000 	D:\Kebutuhan Kerja\Katalon\Katalon_Studio_Windows_64-6.3.3\jre\bin\nio.dll
0x00007ffce9c30000 - 0x00007ffce9c47000 	C:\WINDOWS\SYSTEM32\CRYPTSP.dll
0x00007ffce9630000 - 0x00007ffce9663000 	C:\WINDOWS\system32\rsaenh.dll
0x00007ffce9d60000 - 0x00007ffce9d85000 	C:\WINDOWS\SYSTEM32\bcrypt.dll
0x00007ffcea130000 - 0x00007ffcea158000 	C:\WINDOWS\SYSTEM32\USERENV.dll
0x00007ffce9c50000 - 0x00007ffce9c5b000 	C:\WINDOWS\SYSTEM32\CRYPTBASE.dll
0x00007ffce97d0000 - 0x00007ffce9808000 	C:\WINDOWS\SYSTEM32\IPHLPAPI.DLL
0x00007ffceb700000 - 0x00007ffceb708000 	C:\WINDOWS\System32\NSI.dll
0x00007ffce13e0000 - 0x00007ffce13f6000 	C:\WINDOWS\SYSTEM32\dhcpcsvc6.DLL
0x00007ffce1cc0000 - 0x00007ffce1cda000 	C:\WINDOWS\SYSTEM32\dhcpcsvc.DLL
0x000000006eeb0000 - 0x000000006eed4000 	D:\Kebutuhan Kerja\Katalon\Katalon_Studio_Windows_64-6.3.3\jre\bin\sunec.dll
0x000000006eea0000 - 0x000000006eeab000 	D:\Kebutuhan Kerja\Katalon\Katalon_Studio_Windows_64-6.3.3\jre\bin\sunmscapi.dll
0x00007ffcea6c0000 - 0x00007ffcea8a2000 	C:\WINDOWS\System32\CRYPT32.dll
0x00007ffcea200000 - 0x00007ffcea212000 	C:\WINDOWS\System32\MSASN1.dll

VM Arguments:
jvm_args: -Dgroovy.home=/D:/Kebutuhan Kerja/Katalon/Katalon_Studio_Windows_64-6.3.3/plugins/org.codehaus.groovy_2.4.7.xx-201611170128-e46/ -Xmx1820m -Dfile.encoding=UTF-8 
java_command: org.codehaus.groovy.tools.GroovyStarter --classpath C:\Users\Fhadel Fadillah\Katalon Studio\AssesmentHCI\Include\scripts\groovy;C:\Users\Fhadel Fadillah\Katalon Studio\AssesmentHCI\Keywords;C:\Users\Fhadel Fadillah\Katalon Studio\AssesmentHCI\Libs;C:\Users\Fhadel Fadillah\Katalon Studio\AssesmentHCI\Test Listeners;D:\Kebutuhan Kerja\Katalon\Katalon_Studio_Windows_64-6.3.3\configuration\plugin\install\22149\1.0.8\katalon-studio-basic-report-plugin.jar;D:\Kebutuhan Kerja\Katalon\Katalon_Studio_Windows_64-6.3.3\configuration\plugin\install\2461\1.0.2\katalon-dbms-keywords.jar;D:\Kebutuhan Kerja\Katalon\Katalon_Studio_Windows_64-6.3.3\configuration\resources\lib\aspectjweaver-1.9.1.jar;D:\Kebutuhan Kerja\Katalon\Katalon_Studio_Windows_64-6.3.3\configuration\resources\lib\bcpkix-jdk15on-1.58.jar;D:\Kebutuhan Kerja\Katalon\Katalon_Studio_Windows_64-6.3.3\configuration\resources\lib\bcprov-jdk15on-1.58.jar;D:\Kebutuhan Kerja\Katalon\Katalon_Studio_Windows_64-6.3.3\configuration\resources\lib\browsermob-core-2.1.5.jar;D:\Kebutuhan Kerja\Katalon\Katalon_Studio_Windows_64-6.3.3\configuration\resources\lib\cglib-3.2.10.jar;D:\Kebutuhan Kerja\Katalon\Katalon_Studio_Windows_64-6.3.3\configuration\resources\lib\commons-validator-1.6.jar;D:\Kebutuhan Kerja\Katalon\Katalon_Studio_Windows_64-6.3.3\configuration\resources\lib\dnsjava-2.1.8.jar;D:\Kebutuhan Kerja\Katalon\Katalon_Studio_Windows_64-6.3.3\configuration\resources\lib\java-client-7.0.0.jar;D:\Kebutuhan Kerja\Katalon\Katalon_Studio_Windows_64-6.3.3\configuration\resources\lib\jna-4.1.0.jar;D:\Kebutuhan Kerja\Katalon\Katalon_Studio_Windows_64-6.3.3\configuration\resources\lib\jna-platform-4.1.0.jar;D:\Kebutuhan Kerja\Katalon\Katalon_Studio_Windows_64-6.3.3\configuration\resources\lib\jzlib-1.1.3.jar;D:\Kebutuhan Kerja\Katalon\Katalon_Studio_Windows_64-6.3.3\configuration\resources\lib\kat-server.jar;D:\Kebutuhan Kerja\Katalon\Katalon_Studio_Windows_64-6.3.3\configuration\resources\lib\littleproxy-1.1.0-beta-b
java_class_path (initial): C:\Users\Fhadel Fadillah\Katalon Studio\AssesmentHCI\bin\keyword;C:\Users\Fhadel Fadillah\Katalon Studio\AssesmentHCI\bin\listener;C:\Users\Fhadel Fadillah\Katalon Studio\AssesmentHCI\bin\lib;C:\Users\Fhadel Fadillah\Katalon Studio\AssesmentHCI\bin\groovy;C:\Users\Fhadel Fadillah\Katalon Studio\AssesmentHCI\bin;D:\Kebutuhan Kerja\Katalon\Katalon_Studio_Windows_64-6.3.3\plugins\com.kms.katalon.core_1.0.0.201908270734.jar;D:\Kebutuhan Kerja\Katalon\Katalon_Studio_Windows_64-6.3.3\configuration\resources\lib\aspectjweaver-1.9.1.jar;D:\Kebutuhan Kerja\Katalon\Katalon_Studio_Windows_64-6.3.3\configuration\resources\lib\bcpkix-jdk15on-1.58.jar;D:\Kebutuhan Kerja\Katalon\Katalon_Studio_Windows_64-6.3.3\configuration\resources\lib\bcprov-jdk15on-1.58.jar;D:\Kebutuhan Kerja\Katalon\Katalon_Studio_Windows_64-6.3.3\configuration\resources\lib\browsermob-core-2.1.5.jar;D:\Kebutuhan Kerja\Katalon\Katalon_Studio_Windows_64-6.3.3\configuration\resources\lib\cglib-3.2.10.jar;D:\Kebutuhan Kerja\Katalon\Katalon_Studio_Windows_64-6.3.3\configuration\resources\lib\commons-validator-1.6.jar;D:\Kebutuhan Kerja\Katalon\Katalon_Studio_Windows_64-6.3.3\configuration\resources\lib\dnsjava-2.1.8.jar;D:\Kebutuhan Kerja\Katalon\Katalon_Studio_Windows_64-6.3.3\configuration\resources\lib\java-client-7.0.0.jar;D:\Kebutuhan Kerja\Katalon\Katalon_Studio_Windows_64-6.3.3\configuration\resources\lib\jna-4.1.0.jar;D:\Kebutuhan Kerja\Katalon\Katalon_Studio_Windows_64-6.3.3\configuration\resources\lib\jna-platform-4.1.0.jar;D:\Kebutuhan Kerja\Katalon\Katalon_Studio_Windows_64-6.3.3\configuration\resources\lib\jzlib-1.1.3.jar;D:\Kebutuhan Kerja\Katalon\Katalon_Studio_Windows_64-6.3.3\configuration\resources\lib\kat-server.jar;D:\Kebutuhan Kerja\Katalon\Katalon_Studio_Windows_64-6.3.3\configuration\resources\lib\littleproxy-1.1.0-beta-bmp-17.jar;D:\Kebutuhan Kerja\Katalon\Katalon_Studio_Windows_64-6.3.3\configuration\resources\lib\mitm-2.1.5.jar;D:\Kebutuhan Kerja\Katalon\Kata
Launcher Type: SUN_STANDARD

Environment Variables:
JAVA_HOME=D:\Kebutuhan Kerja\Katalon\Katalon_Studio_Windows_64-6.3.3\jre
PATH=D:/Kebutuhan Kerja/Katalon/Katalon_Studio_Windows_64-6.3.3/jre/bin/server;D:/Kebutuhan Kerja/Katalon/Katalon_Studio_Windows_64-6.3.3/jre/bin;D:/Kebutuhan Kerja/Katalon/Katalon_Studio_Windows_64-6.3.3/jre/lib/amd64;C:\ProgramData\Oracle\Java\javapath;C:\Windows\system32;C:\Windows;C:\Windows\System32\Wbem;C:\Windows\System32\WindowsPowerShell\v1.0\;C:\WINDOWS\system32;C:\WINDOWS;C:\WINDOWS\System32\Wbem;C:\WINDOWS\System32\WindowsPowerShell\v1.0\;C:\Program Files (x86)\Skype\Phone\;C:\Program Files (x86)\Bitvise SSH Client;C:\WINDOWS\system32;C:\WINDOWS;C:\WINDOWS\System32\Wbem;C:\WINDOWS\System32\WindowsPowerShell\v1.0\;C:\WINDOWS\System32\OpenSSH\;C:\Program Files (x86)\IBM\SPSS\Statistics\22\JRE\bin;C:\Program Files\nodejs\;C:\Users\Fhadel Fadillah\AppData\Local\Microsoft\WindowsApps;C:\Users\Fhadel Fadillah\AppData\Roaming\npm;D:\Kebutuhan Kerja\Katalon\Katalon_Studio_Windows_64-6.3.3;:D:\Kebutuhan Kerja\Katalon\Katalon_Studio_Windows_64-6.3.3\jre\bin
USERNAME=Fhadel Fadillah
OS=Windows_NT
PROCESSOR_IDENTIFIER=Intel64 Family 6 Model 69 Stepping 1, GenuineIntel



---------------  S Y S T E M  ---------------

OS: Windows 10.0 , 64 bit Build 17134 (10.0.17134.753)

CPU:total 4 (initial active 4) (2 cores per cpu, 2 threads per core) family 6 model 69 stepping 1, cmov, cx8, fxsr, mmx, sse, sse2, sse3, ssse3, sse4.1, sse4.2, popcnt, avx, avx2, aes, clmul, erms, lzcnt, ht, tsc, tscinvbit, bmi1, bmi2

Memory: 4k page, physical 8203604k(4453752k free), swap 12397908k(5952k free)

vm_info: Java HotSpot(TM) 64-Bit Server VM (25.181-b13) for windows-amd64 JRE (1.8.0_181-b13), built on Jul  7 2018 04:01:33 by "java_re" with MS VC++ 10.0 (VS2010)

time: Sat Feb 15 19:10:01 2020
elapsed time: 11 seconds (0d 0h 0m 11s)

